abiword						install
abiword-common					install
abiword-plugin-grammar				install
abiword-plugin-mathview				install
acl						install
acroread					install
acroread-data					install
acroread-debian-files				install
acroread-dictionary-en				install
acroread-l10n-en				install
adduser						install
akonadi-server					deinstall
alsa-base					install
alsa-utils					install
anacron						install
apt						install
apt-utils					install
apt-xapian-index				install
aptitude					install
arj						install
arping						install
aspell						install
aspell-en					install
autopoint					install
autotools-dev					install
avahi-daemon					install
avahi-utils					install
b43-fwcutter					install
base-files					install
base-passwd					install
bash						install
bash-completion					install
bc						install
bind9-host					install
binutils					install
bluez						install
bsdmainutils					install
bsdutils					install
build-essential					install
busybox						install
bzip2						install
ca-certificates					install
ca-certificates-java				install
cabextract					install
cairo-compmgr					install
cairo-compmgr-core				install
cairo-compmgr-plugins				install
catfish						install
cdbs						install
comerr-dev					install
conky						install
conky-all					install
console-common					install
console-data					install
console-setup					install
console-terminus				install
consolekit					install
coreutils					install
cowsay						install
cpio						install
cpp						install
cpp-4.4						install
cpufrequtils					install
cron						install
crunchbang-bin-scripts				install
crunchbang-extra-themes				install
crunchbang-wallpapers				install
cups						install
cups-bsd					install
cups-client					install
cups-common					install
cups-driver-gutenprint				install
cups-pdf					install
cups-pk-helper					install
cups-ppdc					install
curl						install
dash						install
dbus						install
dbus-x11					install
debconf						install
debconf-i18n					install
debconf-utils					install
debhelper					install
debian-archive-keyring				install
debianutils					install
default-jre					install
default-jre-headless				install
defoma						install
desktop-file-utils				install
dictionaries-common				install
diffutils					install
dmidecode					install
dmsetup						install
dmz-cursor-theme				install
dnsmasq-base					install
docbook-xml					install
dosfstools					install
dpkg						install
dpkg-dev					install
dwm-tools					install
e2fslibs					install
e2fsprogs					install
easytag						install
eject						install
elementary-icon-theme				install
encfs						install
epdfview					install
esound-common					install
evince						install
evince-common					install
exiftran					install
exiv2						install
exo-utils					install
eyed3						install
faad						install
fakeroot					install
fancontrol					deinstall
fbxkb						install
feh						install
figlet						install
file						install
file-roller					install
findutils					install
firmware-b43-installer				install
firmware-ipw2x00				install
firmware-iwlwifi				install
firmware-linux					install
firmware-linux-free				install
firmware-linux-nonfree				install
firmware-ralink					install
flashplugin-nonfree				install
fontconfig					install
fontconfig-config				install
fonts-opensymbol				install
foomatic-db					install
foomatic-db-engine				install
foomatic-filters				install
foomatic-filters-ppds				install
fortune-mod					install
fortunes-min					install
ftp						install
fuse-utils					install
fusesmb						install
g++						install
g++-4.4						install
gamin						install
gawk						install
gcalctool					install
gcc						install
gcc-4.4						install
gcc-4.4-base					install
gcj-4.4-base					install
gcj-4.4-jre-lib					install
gconf2						install
gconf2-common					install
gdb						install
gdbserver					install
gdebi						install
gdebi-core					install
geany						install
geany-common					install
geany-plugin-addons				install
geany-plugin-codenav				install
geany-plugin-debugger				install
geany-plugin-doc				install
geany-plugin-extrasel				install
geany-plugin-gdb				install
geany-plugin-gendoc				install
geany-plugin-gproject				install
geany-plugin-insertnum				install
geany-plugin-latex				install
geany-plugin-lipsum				install
geany-plugin-lua				install
geany-plugin-macro				install
geany-plugin-numberedbookmarks			install
geany-plugin-pg					install
geany-plugin-prettyprinter			install
geany-plugin-prj				install
geany-plugin-sendmail				install
geany-plugin-shiftcolumn			install
geany-plugin-spellcheck				install
geany-plugin-tableconvert			install
geany-plugin-treebrowser			install
geany-plugin-updatechecker			install
geany-plugin-vc					install
geany-plugin-webhelper				install
geany-plugin-xmlsnippets			install
geany-plugins					install
geany-plugins-common				install
geeqie						install
geeqie-common					install
genisoimage					install
geoip-database					install
gettext						install
gettext-base					install
gftp						install
gftp-common					install
gftp-gtk					install
gftp-text					install
ghostscript					install
ghostscript-cups				install
ghostscript-x					install
giblib1						install
gigolo						install
gimp						install
gimp-data					install
gimp-gmic					install
gimp-plugin-registry				install
git						install
git-core					install
git-doc						install
git-gui						install
git-man						install
gitk						install
gksu						install
gmrun						install
gnome-bluetooth					install
gnome-doc-utils					install
gnome-icon-theme				install
gnome-keyring					install
gnome-mime-data					install
gnome-user-guide				install
gnumeric					install
gnumeric-common					install
gnupg						install
google-chrome-beta				deinstall
google-chrome-stable				install
google-musicmanager-beta			install
gparted						install
gpgv						install
grandr						install
grep						install
groff-base					install
grub-common					install
grub-pc						install
gs-esp						install
gsfonts						install
gsimplecal					install
gstreamer0.10-alsa				install
gstreamer0.10-ffmpeg				install
gstreamer0.10-plugins-base			install
gstreamer0.10-x					install
gtk2-engines					install
gtk2-engines-murrine				install
gtk2-engines-pixbuf				install
gtrayicon					install
guake						install
gvfs						install
gvfs-backends					install
gvfs-bin					install
gvfs-fuse					install
gzip						install
hal						install
hal-info					install
handbrake-gtk					install
hddtemp						install
hdparm						install
hicolor-icon-theme				install
hostname					install
hpijs						install
hplip						install
hplip-cups					install
hplip-data					install
html2text					install
htop						install
human-icon-theme				install
hunspell-en-us					install
ifupdown					install
imagemagick					install
info						install
initramfs-tools					install
initscripts					install
insserv						install
install-info					install
intltool-debian					install
inxi						install
iproute						install
iptables					install
iputils-ping					install
irssi						install
isc-dhcp-client					install
isc-dhcp-common					install
iso-codes					install
java-common					install
jfsutils					install
karbon						deinstall
kbd						install
kchart						deinstall
kdebase-runtime					deinstall
kdebase-runtime-data				deinstall
kdelibs-data					install
kdelibs4c2a					install
kdelibs5-data					deinstall
kdepim-runtime					deinstall
keepassx					install
kexi						deinstall
keyboard-configuration				install
kformula					deinstall
klibc-utils					install
koffice-data					deinstall
koffice-libs					deinstall
kplato						deinstall
kpresenter					deinstall
krb5-multidev					install
krita						deinstall
krita-data					deinstall
kspread						deinstall
kthesaurus					deinstall
kword						deinstall
lame						install
less						install
lha						install
liba52-0.7.4					install
libaa1						install
libabiword-2.8					install
libaccess-bridge-java				install
libaccess-bridge-java-jni			install
libacl1						install
libaiksaurus-1.2-0c2a				install
libaiksaurus-1.2-data				install
libaiksaurusgtk-1.2-0c2a			install
libakonadi-kabc4				deinstall
libakonadi-kcal4				deinstall
libakonadi-kde4					deinstall
libakonadi-kmime4				deinstall
libakonadiprivate1				deinstall
libalgorithm-diff-perl				install
libalgorithm-diff-xs-perl			install
libalgorithm-merge-perl				install
libarchive1					install
libart-2.0-2					install
libarts1c2a					install
libartsc0					install
libasound2					install
libaspell15					install
libass4						install
libasyncns0					install
libatasmart4					install
libatk1.0-0					install
libatk1.0-data					install
libattica0					deinstall
libattr1					install
libaudclient2					install
libaudcore1					install
libaudio2					install
libaudiofile0					install
libaudit0					install
libavahi-client-dev				install
libavahi-client3				install
libavahi-common-data				install
libavahi-common-dev				install
libavahi-common3				install
libavahi-core7					install
libavahi-glib1					install
libavahi-qt3-1					install
libavc1394-0					install
libavcodec-extra-53				install
libavcodec52					install
libavcore0					deinstall
libavformat52					install
libavformat53					install
libavutil49					deinstall
libavutil50					install
libavutil51					install
libbabl-0.0-0					install
libbase-java-openoffice.org			install
libbind9-60					install
libblas3gf					install
libblkid1					install
libbluetooth3					install
libbluray1					install
libbonobo2-0					install
libbonobo2-common				install
libbonoboui2-0					install
libbonoboui2-common				install
libboost-filesystem1.42.0			install
libboost-iostreams1.42.0			install
libboost-program-options1.42.0			deinstall
libboost-serialization1.42.0			install
libboost-system1.42.0				install
libbsd0						install
libburn4					install
libbz2-1.0					install
libc-bin					install
libc-dev-bin					install
libc6						install
libc6-dev					install
libcaca0					install
libcairo-compmgr0				install
libcairo-perl					install
libcairo2					install
libcairomm-1.0-1				install
libcap-ng0					install
libcap2						install
libcddb2					install
libcdio-cdda0					install
libcdio-paranoia0				install
libcdio10					install
libcdparanoia0					install
libcdt4						install
libck-connector0				install
libclucene0ldbl					deinstall
libcolamd2.7.1					install
libcomerr2					install
libcommons-beanutils-java			install
libcommons-collections3-java			install
libcommons-compress-java			install
libcommons-digester-java			install
libcommons-logging-java				install
libcpufreq0					install
libcroco3					install
libctpl2					install
libcups2					install
libcups2-dev					install
libcupscgi1					install
libcupsdriver1					install
libcupsimage2					install
libcupsimage2-dev				install
libcupsmime1					install
libcupsppdc1					install
libcurl3					install
libcurl3-gnutls					install
libcwidget3					install
libdaemon0					install
libdatrie1					install
libdb-je-java					install
libdb4.7					install
libdb4.7-java					install
libdb4.7-java-gcj				install
libdb4.8					install
libdbus-1-3					install
libdbus-1-dev					install
libdbus-glib-1-2				install
libdc1394-22					install
libdca0						install
libdevmapper1.02.1				install
libdirac-decoder0				install
libdirac-encoder0				install
libdirectfb-1.2-9				install
libdiscid0					install
libdjvulibre-text				install
libdjvulibre21					install
libdns69					install
libdpkg-perl					install
libdrm-intel1					install
libdrm-nouveau1					deinstall
libdrm-nouveau1a				install
libdrm-radeon1					install
libdrm2						install
libdvbpsi6					install
libdvdcss2					install
libdvdnav4					install
libdvdread4					install
libebml0					deinstall
libebml3					install
libedit2					install
libeggdbus-1-0					install
libelf1						install
libenca0					install
libenchant1c2a					install
libept1						install
liberror-perl					install
libesd0						install
libevent-1.4-2					install
libevent-2.0-5					install
libevince2					install
libexif-dev					install
libexif12					install
libexiv2-9					install
libexo-0.3-0					install
libexo-common					install
libexpat1					install
libfaac0					install
libfaad2					install
libffi5						install
libfftw3-3					install
libfile-copy-recursive-perl			install
libflac8					install
libfont-freetype-perl				install
libfontconfig1					install
libfontenc1					install
libfreetype6					install
libfribidi0					install
libfs6						install
libfuse2					install
libgail18					install
libgamin0					install
libgcc1						install
libgcj-bc					install
libgcj-common					install
libgcj10					install
libgconf2-4					install
libgcr0						install
libgcrypt11					install
libgcrypt11-dev					install
libgd2-noxpm					install
libgdbm3					install
libgdome2-0					install
libgdome2-cpp-smart0c2a				install
libgdu0						install
libgegl-0.0-0					install
libgeoip1					install
libgfortran3					install
libgif4						install
libgimp2.0					install
libgksu2-0					install
libgl1-mesa-dri					install
libgl1-mesa-glx					install
libglade2-0					install
libglew1.5					install
libglib-perl					install
libglib2.0-0					install
libglib2.0-data					install
libglibmm-2.4-1c2a				install
libglu1-mesa					install
libgmp3c2					install
libgnome-bluetooth7				install
libgnome-keyring0				install
libgnome2-0					install
libgnome2-canvas-perl				install
libgnome2-common				install
libgnome2-perl					install
libgnome2-vfs-perl				install
libgnomecanvas2-0				install
libgnomecanvas2-common				install
libgnomeui-0					install
libgnomeui-common				install
libgnomevfs2-0					install
libgnomevfs2-common				install
libgnomevfs2-extra				install
libgnutls-dev					install
libgnutls26					install
libgoffice-0.8-8				install
libgoffice-0.8-8-common				install
libgomp1					install
libgp11-0					install
libgpg-error-dev				install
libgpg-error0					install
libgpgme11					install
libgphoto2-2					install
libgphoto2-2-dev				install
libgphoto2-port0				install
libgpm2						install
libgraph4					install
libgraphicsmagick3				deinstall
libgs8						install
libgsf-1-114					install
libgsf-1-common					install
libgsl0ldbl					deinstall
libgsm1						install
libgssapi-krb5-2				install
libgssrpc4					install
libgstreamer-plugins-base0.10-0			install
libgstreamer0.10-0				install
libgtk2-perl					install
libgtk2.0-0					install
libgtk2.0-bin					install
libgtk2.0-common				install
libgtkglext1					install
libgtkmathview0c2a				install
libgtkmm-2.4-1c2a				install
libgtkspell0					install
libgtop2-7					install
libgtop2-common					install
libgudev-1.0-0					install
libgutenprint2					install
libgvc5						install
libhal-storage1					install
libhal1						install
libhpmud0					install
libhsqldb-java					install
libhunspell-1.2-0				install
libhyphen0					install
libical0					deinstall
libice6						install
libicu44					install
libicu4j-java					install
libid3-3.8.3c2a					install
libid3tag0					install
libidl0						install
libidn11					install
libieee1284-3					install
libieee1284-3-dev				install
libijs-0.35					install
libilmbase6					install
libimlib2					install
libimobiledevice1				install
libiodbc2					deinstall
libisc62					install
libisccc60					install
libisccfg62					install
libiso9660-7					install
libisofs6					install
libiw30						install
libjack-jackd2-0				install
libjasper1					install
libjaxp1.3-java					install
libjaxp1.3-java-gcj				install
libjbig2dec0					install
libjline-java					install
libjpeg-progs					install
libjpeg62					install
libjpeg62-dev					install
libjpeg8					install
libjtidy-java					install
libk5crypto3					install
libkabc4					deinstall
libkadm5clnt-mit7				install
libkadm5srv-mit7				install
libkate1					install
libkcal4					deinstall
libkdb5-4					install
libkdcraw8					deinstall
libkde3support4					deinstall
libkdecore5					deinstall
libkdesu5					deinstall
libkdeui5					deinstall
libkdnssd4					deinstall
libkeybinder0					install
libkeyutils1					install
libkfile4					deinstall
libkhtml5					deinstall
libkimap4					deinstall
libkio5						deinstall
libkjsapi4					deinstall
libkjsembed4					deinstall
libkldap4					deinstall
libklibc					install
libkmediaplayer4				deinstall
libkmime4					deinstall
libknewstuff2-4					deinstall
libknewstuff3-4					deinstall
libknotifyconfig4				deinstall
libkntlm4					deinstall
libkparts4					deinstall
libkpathsea5					install
libkpimutils4					deinstall
libkpty4					deinstall
libkrb5-3					install
libkrb5-dev					install
libkrb5support0					install
libkresources4					deinstall
libkrosscore4					deinstall
libkrossui4					deinstall
libktexteditor4					deinstall
libkutils4					deinstall
liblapack3gf					install
liblcms1					install
libldap-2.4-2					install
liblink-grammar4				install
liblircclient0					install
liblocale-gettext-perl				install
libloudmouth1-0					install
liblqr-1-0					install
libltdl-dev					install
libltdl7					install
liblua5.1-0					install
liblua50					install
liblualib50					install
liblucene2-java					install
liblwres60					install
liblzma2					install
liblzo2-2					install
libmad0						install
libmagic1					install
libmagickcore3					install
libmagickcore3-extra				install
libmagickwand3					install
libmail-sendmail-perl				install
libmailtransport4				deinstall
libmatroska0					deinstall
libmatroska5					install
libmcs1						install
libmicroblog4					deinstall
libmkv0						install
libmng1						install
libmodplug1					install
libmowgli1					install
libmowgli2					install
libmozjs8d					install
libmp3lame0					install
libmpcdec6					install
libmpeg2-4					install
libmpfr4					install
libmtp8						install
libmysqlclient16				install
libnautilus-extension1				install
libncurses5					install
libncursesw5					install
libneon27-gnutls				install
libnepomuk4					deinstall
libnepomukquery4a				deinstall
libnet1						install
libnetpbm10					install
libnewt0.52					install
libnfnetlink0					install
libnl1						install
libnm-glib-vpn1					install
libnm-glib2					install
libnm-util1					install
libnotify1					install
libnspr4					install
libnspr4-0d					install
libnss-mdns					install
libnss3						install
libnss3-1d					install
libntfs-3g75					install
libntfs10					install
libobparser21					install
libobrender21					install
libobrender27					install
libobt0						install
libofa0						install
libogg0						install
libopenal1					install
libopencore-amrnb0				install
libopencore-amrwb0				install
libopenexr6					install
libopenjpeg2					install
libopenobex1					install
libopenraw1					install
libopts25					install
liborbit2					install
liborc-0.4-0					install
libots0						install
libpam-ck-connector				install
libpam-gnome-keyring				install
libpam-modules					install
libpam-runtime					install
libpam0g					install
libpango-perl					install
libpango1.0-0					install
libpango1.0-common				install
libpangomm-1.4-1				install
libpaper-utils					install
libpaper1					install
libparted0debian1				install
libpathplan4					install
libpcap0.8					install
libpci3						install
libpciaccess0					install
libpcre3					install
libpcsclite1					install
libperl-dev					install
libperl5.10					install
libphonon4					install
libpixman-1-0					install
libpkcs11-helper1				install
libplasma3					deinstall
libplist1					install
libpng12-0					install
libpng12-dev					install
libpolkit-agent-1-0				install
libpolkit-backend-1-0				install
libpolkit-gobject-1-0				install
libpolkit-qt-1-0				deinstall
libpoppler-glib4				install
libpoppler-qt4-3				deinstall
libpoppler5					install
libpopt0					install
libpostproc51					deinstall
libpostproc52					install
libpq5						deinstall
libpqxx-3.0					deinstall
libproxy0					install
libpth20					install
libpulse-mainloop-glib0				install
libpulse0					install
libpython2.6					install
libqca2						deinstall
libqimageblitz4					deinstall
libqt3-mt					install
libqt4-assistant				install
libqt4-dbus					install
libqt4-designer					install
libqt4-help					install
libqt4-network					install
libqt4-opengl					deinstall
libqt4-qt3support				install
libqt4-script					install
libqt4-scripttools				install
libqt4-sql					install
libqt4-sql-mysql				install
libqt4-svg					install
libqt4-test					install
libqt4-webkit					install
libqt4-xml					install
libqt4-xmlpatterns				install
libqtcore4					install
libqtgui4					install
libraptor1					install
librarian0					install
librasqal2					install
libraw1394-11					install
librdf0						install
libreadline5					install
libreadline6					install
librecode0					install
libregexp-java					install
libreoffice					install
libreoffice-base				install
libreoffice-base-core				install
libreoffice-calc				install
libreoffice-common				install
libreoffice-core				install
libreoffice-draw				install
libreoffice-emailmerge				install
libreoffice-filter-binfilter			install
libreoffice-filter-mobiledev			install
libreoffice-gtk					install
libreoffice-impress				install
libreoffice-java-common				install
libreoffice-math				install
libreoffice-report-builder-bin			install
libreoffice-style-galaxy			install
libreoffice-style-tango				install
libreoffice-writer				install
libresid-builder0c2a				install
librlog5					install
librpm1						install
librpmio1					install
librsvg2-2					install
librsvg2-common					install
librtmp0					install
libruby1.8					install
libsamplerate0					install
libsane						install
libsane-dev					install
libsane-extras					install
libsane-extras-dev				install
libsane-hpaio					install
libsasl2-2					install
libsasl2-modules				install
libschroedinger-1.0-0				install
libsdl-image1.2					install
libsdl1.2debian					install
libsdl1.2debian-alsa				install
libselinux1					install
libsensors4					install
libsensors4-dev					install
libsepol1					install
libserializer-java-openoffice.org		install
libservlet2.5-java				install
libsexy2					install
libsgutils2-2					install
libshout3					install
libsidplay2					install
libsigc++-2.0-0c2a				install
libsigsegv0					install
libslang2					install
libslp1						install
libsm6						install
libsmbclient					install
libsndfile1					install
libsnmp-base					install
libsnmp-dev					install
libsnmp-perl					install
libsnmp15					install
libsolid4					deinstall
libsoprano4					deinstall
libsoup-gnome2.4-1				install
libsoup2.4-1					install
libspectre1					install
libspeex1					install
libspeexdsp1					install
libsqlite3-0					install
libss2						install
libssh-4					deinstall
libssh2-1					install
libssl-dev					install
libssl0.9.8					install
libstartup-notification0			install
libstdc++6					install
libstdc++6-4.4-dev				install
libstlport4.6ldbl				install
libstreamanalyzer0				deinstall
libstreams0					deinstall
libsvga1					install
libswscale0					deinstall
libswscale2					install
libsys-hostname-long-perl			install
libsysfs2					install
libt1-5						install
libtag1-vanilla					install
libtag1c2a					install
libtagc0					install
libtalloc2					install
libtar						install
libtasn1-3					install
libtasn1-3-dev					install
libtdb1						install
libtext-charwidth-perl				install
libtext-iconv-perl				install
libtext-wrapi18n-perl				install
libthai-data					install
libthai0					install
libtheora0					install
libthreadweaver4				deinstall
libthunar-vfs-1-2				install
libtidy-0.99-0					install
libtiff-tools					install
libtiff4					install
libtiff4-dev					install
libtiffxx0c2					install
libtimedate-perl				install
libtool						install
libts-0.0-0					install
libtwolame0					install
libudev0					install
libunique-1.0-0					install
libunistring0					install
libupnp3					install
liburi-perl					install
libusb-0.1-4					install
libusb-1.0-0					install
libusb-1.0-0-dev				install
libusb-dev					install
libusbmuxd1					install
libutempter0					install
libuuid-perl					install
libuuid1					install
libv4l-0					install
libv4l-dev					install
libv4lconvert0					install
libva-x11-1					install
libva1						install
libvala0					install
libvcdinfo0					install
libvdpau1					install
libvirtodbc0					deinstall
libvisual-0.4-0					install
libvisual-0.4-plugins				install
libvlc5						install
libvlccore4					deinstall
libvlccore5					install
libvo-aacenc0					install
libvo-amrwbenc0					install
libvorbis0a					install
libvorbisenc2					install
libvorbisfile3					install
libvpx0						install
libvte-common					install
libvte9						install
libwavpack1					install
libwbclient0					install
libwebkit-1.0-2					install
libwebkit-1.0-common				install
libwine						install
libwine-alsa					install
libwine-cms					install
libwine-gl					install
libwine-gphoto2					install
libwine-ldap					install
libwine-print					install
libwine-sane					install
libwmf0.2-7					install
libwnck-common					install
libwnck22					install
libwpd8c2a					install
libwpg-0.1-1					install
libwps-0.1-1					install
libwrap0					install
libwrap0-dev					install
libwv-1.2-3					install
libwxbase2.8-0					install
libwxgtk2.8-0					install
libx11-6					install
libx11-data					install
libx11-xcb1					install
libx264-112					install
libx264-118					install
libx264-120					install
libx86-1					install
libxapian22					install
libxau6						install
libxaw7						install
libxbase2.0-0					deinstall
libxcb-atom1					install
libxcb-aux0					install
libxcb-composite0				install
libxcb-dri2-0					install
libxcb-event1					install
libxcb-keysyms1					install
libxcb-randr0					install
libxcb-render0					install
libxcb-shape0					install
libxcb-shm0					install
libxcb-xfixes0					install
libxcb-xv0					install
libxcb1						install
libxcomposite1					install
libxcursor1					install
libxdamage1					install
libxdmcp6					install
libxdot4					install
libxerces2-java					install
libxerces2-java-gcj				install
libxext6					install
libxfce4util-bin				install
libxfce4util-common				install
libxfce4util4					install
libxfcegui4-4					install
libxfconf-0-2					install
libxfixes3					install
libxfont1					install
libxft2						install
libxi6						install
libxine1-bin					deinstall
libxinerama1					install
libxkbfile1					install
libxml2						install
libxml2-utils					install
libxmmsclient6					install
libxmu6						install
libxmuu1					install
libxp6						install
libxpm4						install
libxrandr2					install
libxrender1					install
libxres1					install
libxslt1.1					install
libxss1						install
libxt6						install
libxtst6					install
libxv1						install
libxvidcore4					install
libxvmc1					install
libxxf86dga1					install
libxxf86vm1					install
libzvbi-common					install
libzvbi0					install
link-grammar-dictionaries-en			install
linux-base					install
linux-image-2.6-486				install
linux-image-2.6.32-5-486			deinstall
linux-image-2.6.39-bpo.2-486			install
linux-image-3.2.0-0.bpo.4-486			install
linux-image-486					install
linux-libc-dev					install
linux-sound-base				install
lm-sensors					install
locales						install
login						install
logrotate					install
lp-solve					install
lsb-base					install
lsb-release					install
lsof						install
lxappearance					install
lxsession					install
lzop						install
make						install
man-db						install
manpages					install
manpages-dev					install
mawk						install
menu						install
menu-xdg					install
mesa-utils					install
mime-support					install
min12xxw					install
miscfiles					install
mobile-broadband-provider-info			install
modemmanager					install
module-init-tools				install
mount						install
mplayer						install
mtools						install
mtp-tools					install
mtpfs						install
mysql-common					install
nano						install
ncurses-base					install
ncurses-bin					install
net-tools					install
netbase						install
netcat-traditional				install
netpbm						install
network-manager					install
network-manager-gnome				install
network-manager-openvpn				install
network-manager-openvpn-gnome			install
network-manager-pptp				install
network-manager-pptp-gnome			install
network-manager-vpnc				install
network-manager-vpnc-gnome			install
nitrogen					install
nixnote						install
notify-osd					install
ntfs-3g						install
ntfsprogs					install
ntp						install
obapps						install
obconf						install
obex-data-server				install
obexd-client					install
obmenu						install
odbcinst					deinstall
odbcinst1debian2				deinstall
openbox						install
openbox-themes					install
openjdk-6-jre					install
openjdk-6-jre-headless				install
openjdk-6-jre-lib				install
openssh-blacklist				install
openssh-blacklist-extra				install
openssh-client					install
openssl						install
openvpn						install
os-prober					install
oss-compat					install
oxygen-icon-theme				deinstall
p7zip-full					install
p7zip-rar					install
parcellite					install
passwd						install
patch						install
pciutils					install
perl						install
perl-base					install
perl-modules					install
picard						install
pkg-config					install
pm-utils					install
pmount						install
pnm2ppa						install
po-debconf					install
policykit-1					install
policykit-1-gnome				install
poppler-utils					install
powermgmt-base					install
ppp						install
pptp-linux					install
procps						install
psmisc						install
python						install
python-apt					install
python-apt-common				install
python-cairo					install
python-central					install
python-chardet					install
python-cups					install
python-cupshelpers				install
python-dbus					install
python-debian					install
python-dev					install
python-eyed3					install
python-feedparser				install
python-gconf					install
python-glade2					install
python-gnome2					install
python-gnupginterface				install
python-gobject					install
python-gtk2					install
python-imaging					install
python-keybinder				install
python-libxml2					install
python-minimal					install
python-mutagen					install
python-notify					install
python-numpy					install
python-pexpect					install
python-pyorbit					install
python-qt4					install
python-qt4-dbus					install
python-renderpm					install
python-reportlab				install
python-reportlab-accel				install
python-sip					install
python-software-properties			install
python-support					install
python-uno					install
python-utidylib					install
python-vte					install
python-wxgtk2.8					install
python-wxtools					install
python-wxversion				install
python-xapian					install
python-xdg					install
python-xlib					install
python2.5					install
python2.5-minimal				install
python2.6					install
python2.6-dev					install
python2.6-minimal				install
qt4-qtconfig					install
radeontool					install
rarian-compat					install
readline-common					install
reiser4progs					install
reiserfsprogs					install
rpl						install
rpm-common					install
rpm2cpio					install
rsync						install
rsyslog						install
ruby1.8						deinstall
rzip						install
samba-common					install
samba-common-bin				install
sane						install
sane-utils					install
sapgui						install
sapgui-package					install
screen						install
scrot						install
sed						install
sensible-utils					install
sgml-base					install
sgml-data					install
shared-mime-info				install
skype						deinstall
slim						install
software-properties-gtk				install
squashfs-tools					install
sshfs						install
ssl-cert					install
statler-icon-theme				install
statler-slim-theme				install
statler-ui-theme				install
suckless-tools					install
sudo						install
synaptic					install
system-config-printer				install
system-config-printer-udev			install
sysv-rc						install
sysvinit					install
sysvinit-utils					install
tangerine-icon-theme				install
tango-icon-theme				install
tar						install
tasksel						install
tasksel-data					install
tcl						install
tcl8.4						install
tcpd						install
terminator					install
thunar						install
thunar-archive-plugin				install
thunar-data					install
thunar-dropbox					install
thunar-media-tags-plugin			install
thunar-thumbnailers				install
thunar-volman					install
tint2						install
tint2conf					install
tk						install
tk8.4						install
tmux						install
traceroute					install
transmission-common				install
transmission-gtk				install
transset-df					install
trayer						install
tsconf						install
ttf-dejavu					install
ttf-dejavu-core					install
ttf-dejavu-extra				install
ttf-freefont					install
ttf-liberation					install
ttf-lyx						install
ttf-mscorefonts-installer			install
ttf-sil-gentium					install
ttf-sil-gentium-basic				install
tzdata						install
tzdata-java					install
ucf						install
udev						install
udisks						install
ufraw-batch					install
unace						install
unalz						install
unattended-upgrades				install
uno-libs3					install
unrar						install
unzip						install
update-inetd					install
ure						install
usb-modeswitch					install
usb-modeswitch-data				install
usbmuxd						install
usbutils					install
user-setup					install
util-linux					install
uuid-runtime					install
vbetool						install
viewnior					install
vim-common					install
vim-gtk						install
vim-gui-common					install
vim-runtime					install
vim-tiny					install
vlc						install
vlc-data					install
vlc-nox						install
vlc-plugin-notify				install
vlc-plugin-pulse				install
volumeicon					install
vpnc						install
w32codecs					install
wget						install
whiptail					install
whois						install
wine						install
wine-bin					install
wine-utils					install
wireless-tools					install
wmctrl						install
wodim						install
wpasupplicant					install
x-ttcidfont-conf				install
x11-apps					install
x11-common					install
x11-session-utils				install
x11-utils					install
x11-xfs-utils					install
x11-xkb-utils					install
x11-xserver-utils				install
xauth						install
xbitmaps					install
xchat						install
xchat-common					install
xclip						install
xcompmgr-dana					install
xdg-user-dirs					install
xdg-utils					install
xfburn						install
xfce-keyboard-shortcuts				install
xfce4-mixer					install
xfce4-panel					install
xfce4-power-manager				install
xfce4-power-manager-data			install
xfce4-screenshooter				install
xfconf						install
xfonts-100dpi					install
xfonts-75dpi					install
xfonts-base					install
xfonts-encodings				install
xfonts-mathml					install
xfonts-scalable					install
xfonts-terminus					install
xfonts-utils					install
xfsprogs					install
xinit						install
xinput						install
xkb-data					install
xli						install
xml-core					install
xorg						install
xorg-docs-core					install
xsane						install
xsane-common					install
xscreensaver					install
xscreensaver-data				install
xserver-common					install
xserver-xorg					install
xserver-xorg-core				install
xserver-xorg-input-all				install
xserver-xorg-input-evdev			install
xserver-xorg-input-synaptics			install
xserver-xorg-input-wacom			install
xserver-xorg-video-all				install
xserver-xorg-video-apm				install
xserver-xorg-video-ark				install
xserver-xorg-video-ati				install
xserver-xorg-video-chips			install
xserver-xorg-video-cirrus			install
xserver-xorg-video-fbdev			install
xserver-xorg-video-i128				install
xserver-xorg-video-i740				install
xserver-xorg-video-intel			install
xserver-xorg-video-mach64			install
xserver-xorg-video-mga				install
xserver-xorg-video-neomagic			install
xserver-xorg-video-nouveau			install
xserver-xorg-video-openchrome			install
xserver-xorg-video-r128				install
xserver-xorg-video-radeon			install
xserver-xorg-video-rendition			install
xserver-xorg-video-s3				install
xserver-xorg-video-s3virge			install
xserver-xorg-video-savage			install
xserver-xorg-video-siliconmotion		install
xserver-xorg-video-sis				install
xserver-xorg-video-sisusb			install
xserver-xorg-video-tdfx				install
xserver-xorg-video-trident			install
xserver-xorg-video-tseng			install
xserver-xorg-video-vesa				install
xserver-xorg-video-vmware			install
xserver-xorg-video-voodoo			install
xsltproc					install
xterm						install
xtightvncviewer					install
xulrunner-8.0					install
xz-utils					install
yelp						install
zenity						install
zip						install
zlib1g						install
zlib1g-dev					install
zoo						install
zsh						install
